<?xml version="1.0" encoding="UTF-8"?>
<!-- Generated by org.testng.reporters.JUnitReportReporter -->
<testsuite skipped="0" hostname="DESKTOP-B64QDB1" name="HomePgaeTest.SearchDevice" tests="3" failures="0" timestamp="28 Nov 2022 10:12:44 GMT" time="3.411" errors="0">
  <testcase name="searchMackbook" time="3.328" classname="HomePgaeTest.SearchDevice"/>
  <testcase name="validateSearchresult" time="0.065" classname="HomePgaeTest.SearchDevice"/>
  <testcase name="VerifyEbayTitlePage" time="0.018" classname="HomePgaeTest.SearchDevice"/>
</testsuite> <!-- HomePgaeTest.SearchDevice -->
