<?xml version="1.0" encoding="UTF-8"?>
<!-- Generated by org.testng.reporters.JUnitReportReporter -->
<testsuite skipped="0" hostname="DESKTOP-B64QDB1" name="HomePgaeTest.ValidateFilter" tests="2" failures="0" timestamp="27 Nov 2022 15:58:21 GMT" time="18.122" errors="0">
  <testcase name="accesproductwithFilter" time="15.314" classname="HomePgaeTest.ValidateFilter"/>
  <testcase name="filterValidation" time="2.808" classname="HomePgaeTest.ValidateFilter"/>
</testsuite> <!-- HomePgaeTest.ValidateFilter -->
