<?xml version="1.0" encoding="UTF-8"?>
<!-- Generated by org.testng.reporters.JUnitReportReporter -->
<testsuite skipped="2" hostname="DESKTOP-B64QDB1" name="HomePgaeTest.SearchFlight" tests="4" failures="0" timestamp="26 Nov 2022 08:15:02 GMT" time="4.157" errors="0">
  <testcase name="searchbus" time="4.133" classname="HomePgaeTest.SearchFlight"/>
  <testcase name="VerifyEbayTitlePage" time="0.024" classname="HomePgaeTest.SearchFlight"/>
  <testcase name="selectDate" classname="HomePgaeTest.SearchFlight">
    <skipped/>
  </testcase> <!-- selectDate -->
  <testcase name="gosearch" classname="HomePgaeTest.SearchFlight">
    <skipped/>
  </testcase> <!-- gosearch -->
</testsuite> <!-- HomePgaeTest.SearchFlight -->
